Arguments: 
  /Users/midori/.nodenv/versions/15.14.0/bin/node /Users/midori/.nodenv/versions/15.14.0/bin/yarn init

PATH: 
  /Users/midori/.nodenv/versions/15.14.0/bin:/opt/homebrew/Cellar/nodenv/1.4.0/libexec:/Users/midori/.rbenv/shims:/Users/midori/.nodenv/shims:/opt/homebrew/bin:/opt/homebrew/sbin:/usr/local/bin:/usr/bin:/bin:/usr/sbin:/sbin:/Users/midori/.rbenv/shims:/Users/midori/.nodenv/shims:/opt/homebrew/bin:/opt/homebrew/sbin

Yarn version: 
  1.22.19

Node version: 
  15.14.0

Platform: 
  darwin arm64

Trace: 
  Error: canceled
      at Interface.<anonymous> (/Users/midori/.nodenv/versions/15.14.0/lib/node_modules/yarn/lib/cli.js:137150:13)
      at Interface.emit (node:events:369:20)
      at Interface._ttyWrite (node:readline:999:16)
      at ReadStream.onkeypress (node:readline:267:10)
      at ReadStream.emit (node:events:369:20)
      at emitKeys (node:internal/readline/utils:358:14)
      at emitKeys.next (<anonymous>)
      at ReadStream.onData (node:readline:1268:36)
      at ReadStream.emit (node:events:369:20)
      at addChunk (node:internal/streams/readable:313:12)

npm manifest: 
  No manifest

yarn manifest: 
  No manifest

Lockfile: 
  No lockfile
